# JRE version: OpenJDK Runtime Environment Temurin-21.0.9+10 (21.0.9+10) (build 21.0.9+10-LTS)
# Java VM: OpenJDK 64-Bit Server VM Temurin-21.0.9+10 (21.0.9+10-LTS, mixed mode, emulated-client, sharing, tiered, compressed oops, compressed class ptrs, g1 gc, windows-amd64)
GC Precious Log:
 CardTable entry size: 512
 Card Set container configuration: InlinePtr #cards 4 size 8 Array Of Cards #cards 32 size 80 Howl #buckets 8 coarsen threshold 7372 Howl Bitmap #cards 1024 size 144 coarsen threshold 921 Card regions per heap region 1 cards per card region 8192
 CPUs: 14 total, 14 available
 Memory: 32212M
 Large Page Support: Disabled
 NUMA Support: Disabled
 Compressed Oops: Enabled (Zero based)
 Heap Region Size: 4M
 Heap Min Capacity: 8M
 Heap Initial Capacity: 504M
 Heap Max Capacity: 8056M
 Pre-touch: Disabled
 Parallel Workers: 11
 Concurrent Workers: 3
 Concurrent Refinement Workers: 11
 Periodic GC: Disabled
Heap:
 garbage-first heap   total 57344K, used 47849K [0x0000000608800000, 0x0000000800000000)
  region size 4096K, 7 young (28672K), 1 survivors (4096K)
 Metaspace       used 43691K, committed 44288K, reserved 1114112K
  class space    used 5941K, committed 6208K, reserved 1048576K
GC Heap History (20 events):
Event: 737.686 GC heap after
{Heap after GC invocations=34 (full 4):
 garbage-first heap   total 57344K, used 23038K [0x0000000608800000, 0x0000000800000000)
  region size 4096K, 1 young (4096K), 1 survivors (4096K)
 Metaspace       used 43630K, committed 44288K, reserved 1114112K
  class space    used 5934K, committed 6208K, reserved 1048576K
}
Event: 778.983 GC heap before
{Heap before GC invocations=34 (full 4):
 garbage-first heap   total 57344K, used 43518K [0x0000000608800000, 0x0000000800000000)
  region size 4096K, 6 young (24576K), 1 survivors (4096K)
 Metaspace       used 43666K, committed 44288K, reserved 1114112K
  class space    used 5937K, committed 6208K, reserved 1048576K
}
Event: 778.984 GC heap after
{Heap after GC invocations=35 (full 4):
 garbage-first heap   total 57344K, used 23362K [0x0000000608800000, 0x0000000800000000)
  region size 4096K, 1 young (4096K), 1 survivors (4096K)
 Metaspace       used 43666K, committed 44288K, reserved 1114112K
  class space    used 5937K, committed 6208K, reserved 1048576K
}
Event: 836.596 GC heap before
{Heap before GC invocations=35 (full 4):
 garbage-first heap   total 57344K, used 43842K [0x0000000608800000, 0x0000000800000000)
  region size 4096K, 6 young (24576K), 1 survivors (4096K)
 Metaspace       used 43666K, committed 44288K, reserved 1114112K
  class space    used 5937K, committed 6208K, reserved 1048576K
}
Event: 836.597 GC heap after
{Heap after GC invocations=36 (full 4):
 garbage-first heap   total 57344K, used 23255K [0x0000000608800000, 0x0000000800000000)
  region size 4096K, 1 young (4096K), 1 survivors (4096K)
 Metaspace       used 43666K, committed 44288K, reserved 1114112K
  class space    used 5937K, committed 6208K, reserved 1048576K
}
Event: 905.842 GC heap before
{Heap before GC invocations=36 (full 4):
 garbage-first heap   total 57344K, used 47831K [0x0000000608800000, 0x0000000800000000)
  region size 4096K, 7 young (28672K), 1 survivors (4096K)
 Metaspace       used 43676K, committed 44288K, reserved 1114112K
  class space    used 5939K, committed 6208K, reserved 1048576K
}
Event: 905.844 GC heap after
{Heap after GC invocations=37 (full 4):
 garbage-first heap   total 57344K, used 23272K [0x0000000608800000, 0x0000000800000000)
  region size 4096K, 1 young (4096K), 1 survivors (4096K)
 Metaspace       used 43676K, committed 44288K, reserved 1114112K
  class space    used 5939K, committed 6208K, reserved 1048576K
}
Event: 976.313 GC heap before
{Heap before GC invocations=37 (full 4):
 garbage-first heap   total 57344K, used 47848K [0x0000000608800000, 0x0000000800000000)
  region size 4096K, 7 young (28672K), 1 survivors (4096K)
 Metaspace       used 43676K, committed 44288K, reserved 1114112K
  class space    used 5939K, committed 6208K, reserved 1048576K
}
Event: 976.314 GC heap after
{Heap after GC invocations=38 (full 4):
 garbage-first heap   total 57344K, used 23249K [0x0000000608800000, 0x0000000800000000)
  region size 4096K, 1 young (4096K), 1 survivors (4096K)
 Metaspace       used 43676K, committed 44288K, reserved 1114112K
  class space    used 5939K, committed 6208K, reserved 1048576K
}
Event: 1045.583 GC heap before
{Heap before GC invocations=38 (full 4):
 garbage-first heap   total 57344K, used 47825K [0x0000000608800000, 0x0000000800000000)
  region size 4096K, 7 young (28672K), 1 survivors (4096K)
 Metaspace       used 43676K, committed 44288K, reserved 1114112K
  class space    used 5939K, committed 6208K, reserved 1048576K
}
Event: 1045.584 GC heap after
{Heap after GC invocations=39 (full 4):
 garbage-first heap   total 57344K, used 23250K [0x0000000608800000, 0x0000000800000000)
  region size 4096K, 1 young (4096K), 1 survivors (4096K)
 Metaspace       used 43676K, committed 44288K, reserved 1114112K
  class space    used 5939K, committed 6208K, reserved 1048576K
}
Event: 1115.416 GC heap before
{Heap before GC invocations=39 (full 4):
 garbage-first heap   total 57344K, used 47826K [0x0000000608800000, 0x0000000800000000)
  region size 4096K, 7 young (28672K), 1 survivors (4096K)
 Metaspace       used 43676K, committed 44288K, reserved 1114112K
  class space    used 5939K, committed 6208K, reserved 1048576K
}
Event: 1115.417 GC heap after
{Heap after GC invocations=40 (full 4):
 garbage-first heap   total 57344K, used 23222K [0x0000000608800000, 0x0000000800000000)
  region size 4096K, 1 young (4096K), 1 survivors (4096K)
 Metaspace       used 43676K, committed 44288K, reserved 1114112K
  class space    used 5939K, committed 6208K, reserved 1048576K
}
Event: 1185.606 GC heap before
{Heap before GC invocations=40 (full 4):
 garbage-first heap   total 57344K, used 47798K [0x0000000608800000, 0x0000000800000000)
  region size 4096K, 7 young (28672K), 1 survivors (4096K)
 Metaspace       used 43676K, committed 44288K, reserved 1114112K
  class space    used 5939K, committed 6208K, reserved 1048576K
}
Event: 1185.607 GC heap after
{Heap after GC invocations=41 (full 4):
 garbage-first heap   total 57344K, used 23218K [0x0000000608800000, 0x0000000800000000)
  region size 4096K, 1 young (4096K), 1 survivors (4096K)
 Metaspace       used 43676K, committed 44288K, reserved 1114112K
  class space    used 5939K, committed 6208K, reserved 1048576K
}
Event: 1253.771 GC heap before
{Heap before GC invocations=41 (full 4):
 garbage-first heap   total 57344K, used 47794K [0x0000000608800000, 0x0000000800000000)
  region size 4096K, 7 young (28672K), 1 survivors (4096K)
 Metaspace       used 43687K, committed 44288K, reserved 1114112K
  class space    used 5940K, committed 6208K, reserved 1048576K
}
Event: 1253.772 GC heap after
{Heap after GC invocations=42 (full 4):
 garbage-first heap   total 57344K, used 23298K [0x0000000608800000, 0x0000000800000000)
  region size 4096K, 1 young (4096K), 1 survivors (4096K)
 Metaspace       used 43687K, committed 44288K, reserved 1114112K
  class space    used 5940K, committed 6208K, reserved 1048576K
}
Event: 1323.833 GC heap before
{Heap before GC invocations=42 (full 4):
 garbage-first heap   total 57344K, used 47874K [0x0000000608800000, 0x0000000800000000)
  region size 4096K, 7 young (28672K), 1 survivors (4096K)
 Metaspace       used 43687K, committed 44288K, reserved 1114112K
  class space    used 5940K, committed 6208K, reserved 1048576K
}
Event: 1323.835 GC heap after
{Heap after GC invocations=43 (full 4):
 garbage-first heap   total 57344K, used 23273K [0x0000000608800000, 0x0000000800000000)
  region size 4096K, 1 young (4096K), 1 survivors (4096K)
 Metaspace       used 43687K, committed 44288K, reserved 1114112K
  class space    used 5940K, committed 6208K, reserved 1048576K
}
Event: 1393.227 GC heap before
{Heap before GC invocations=43 (full 4):
 garbage-first heap   total 57344K, used 47849K [0x0000000608800000, 0x0000000800000000)
  region size 4096K, 7 young (28672K), 1 survivors (4096K)
 Metaspace       used 43691K, committed 44288K, reserved 1114112K
  class space    used 5941K, committed 6208K, reserved 1048576K
}

